
**ERROR: 'abcom-preview.xml' is missing**
**ERROR: 'adb_xmp-preview.xml' is missing**
**ERROR: 'amiko1-preview.xml' is missing**
**ERROR: 'amiko2-preview.xml' is missing**
**ERROR: 'amiko3-preview.xml' is missing**
**ERROR: 'amiko4-preview.xml' is missing**
**ERROR: 'amiko6-preview.xml' is missing**
**ERROR: 'amiko6.xml' is invalid**
**ERROR: 'anadol1-preview.xml' is missing**
**ERROR: 'anadol3-preview.xml' is missing**
**ERROR: 'anadol4-preview.xml' is missing**
**ERROR: 'ariva-preview.xml' is missing**
**ERROR: 'atemio520-preview.xml' is missing**
**ERROR: 'atemio520.xml' is invalid**
**ERROR: 'ax1-preview.xml' is missing**
**ERROR: 'ax4-preview.xml' is missing**
**ERROR: 'axas1-preview.xml' is missing**
**ERROR: 'axas2-preview.xml' is missing**
**ERROR: 'axas3-preview.xml' is missing**
**ERROR: 'axas4-preview.xml' is missing**
**ERROR: 'azboxelite-preview.xml' is missing**
**ERROR: 'azboxhd-preview.xml' is missing**
**ERROR: 'azboxme-preview.xml' is missing**
**ERROR: 'beyonwiz1-preview.xml' is missing**
**ERROR: 'beyonwiz2-preview.xml' is missing**
**ERROR: 'cube-preview.xml' is missing**
**ERROR: 'cuberevo-preview.xml' is missing**
**ERROR: 'cuberevo_uni-preview.xml' is missing**
**ERROR: 'dinobot1-preview.xml' is missing**
**ERROR: 'dinobot2-preview.xml' is missing**
**ERROR: 'dmm0-preview.xml' is missing**
**ERROR: 'dmm1-preview.xml' is missing**
**ERROR: 'dmm2-preview.xml' is missing**
**ERROR: 'dmm3-preview.xml' is missing**
**ERROR: 'e3hd-preview.xml' is missing**
**ERROR: 'e4hd-preview.xml' is missing**
**ERROR: 'e4hdcombo-preview.xml' is missing**
**ERROR: 'ebox5000-preview.xml' is missing**
**ERROR: 'edision1-preview.xml' is missing**
**ERROR: 'edision2-preview.xml' is missing**
**ERROR: 'edision3-preview.xml' is missing**
**ERROR: 'et4x00-preview.xml' is missing**
**ERROR: 'et6500-preview.xml' is missing**
**ERROR: 'et6x00-preview.xml' is missing**
**ERROR: 'et7x00-preview.xml' is missing**
**ERROR: 'et7x00mini-preview.xml' is missing**
**ERROR: 'et8000-preview.xml' is missing**
**ERROR: 'et9500-preview.xml' is missing**
**ERROR: 'et9x00-preview.xml' is missing**
**ERROR: 'evo1-preview.xml' is missing**
**ERROR: 'evo2-preview.xml' is missing**
**ERROR: 'evo3-preview.xml' is missing**
**ERROR: 'evo4-preview.xml' is missing**
**ERROR: 'evo5-preview.xml' is missing**
**ERROR: 'evo6-preview.xml' is missing**
**ERROR: 'evo7-preview.xml' is missing**
**ERROR: 'evo8-preview.xml' is missing**
**ERROR: 'formuler1-preview.xml' is missing**
**ERROR: 'fs9000-preview.xml' is missing**
**ERROR: 'fusionhd-preview.xml' is missing**
**ERROR: 'gb0-preview.xml' is missing**
**ERROR: 'gb1-preview.xml' is missing**
**ERROR: 'gb2-preview.xml' is missing**
**ERROR: 'gb3-preview.xml' is missing**
**ERROR: 'gb4-preview.xml' is missing**
**ERROR: 'gb5-preview.xml' is missing**
**ERROR: 'gi1-preview.xml' is missing**
**ERROR: 'hardkernel-preview.xml' is missing**
**ERROR: 'hd1100-preview.xml' is missing**
**ERROR: 'hd2400-preview.xml' is missing**
**ERROR: 'hd530c-preview.xml' is missing**
**ERROR: 'hd60-preview.xml' is missing**
**ERROR: 'hd66se-preview.xml' is missing**
**ERROR: 'hdbox-preview.xml' is missing**
**ERROR: 'hl101-preview.xml' is missing**
**ERROR: 'hs7110-preview.xml' is missing**
**ERROR: 'hs9510-preview.xml' is missing**
**ERROR: 'ini0-preview.xml' is missing**
**ERROR: 'ini1-preview.xml' is missing**
**ERROR: 'ini2-preview.xml' is missing**
**ERROR: 'ini3-preview.xml' is missing**
**ERROR: 'ini4-preview.xml' is missing**
**ERROR: 'ini5-preview.xml' is missing**
**ERROR: 'ini6-preview.xml' is missing**
**ERROR: 'ini7-preview.xml' is missing**
**ERROR: 'ini8-preview.xml' is missing**
**ERROR: 'iqon1-preview.xml' is missing**
**ERROR: 'iqon2-preview.xml' is missing**
**ERROR: 'iqon3-preview.xml' is missing**
**ERROR: 'ixuss-preview.xml' is missing**
**ERROR: 'izibox1-preview.xml' is missing**
**ERROR: 'izibox2-preview.xml' is missing**
**ERROR: 'k1pro-preview.xml' is missing**
**ERROR: 'k3pro-preview.xml' is missing**
**ERROR: 'maxytec1-preview.xml' is missing**
**ERROR: 'mediabox-preview.xml' is missing**
**ERROR: 'miraclebox-preview.xml' is missing**
**ERROR: 'octagon1-preview.xml' is missing**
**ERROR: 'octagon2-preview.xml' is missing**
**ERROR: 'octagon3-preview.xml' is missing**
**ERROR: 'odinm7-preview.xml' is missing**
**ERROR: 'odinm9-preview.xml' is missing**
**ERROR: 'opt9600-preview.xml' is missing**
**ERROR: 'optimuss1-preview.xml' is missing**
**ERROR: 'optimuss2-preview.xml' is missing**
**ERROR: 'pace7241-preview.xml' is missing**
**ERROR: 'protek1-preview.xml' is missing**
**ERROR: 'protek2-preview.xml' is missing**
**ERROR: 'protek3-preview.xml' is missing**
**ERROR: 'qbox-preview.xml' is missing**
**ERROR: 'qboxmini-preview.xml' is missing**
**ERROR: 'qviart1-preview.xml' is missing**
**ERROR: 'qviart3-preview.xml' is missing**
**ERROR: 'qviart4-preview.xml' is missing**
**ERROR: 'qviart5-preview.xml' is missing**
**ERROR: 'qviart6-preview.xml' is missing**
**ERROR: 'qviart6.xml' is invalid**
**ERROR: 'red1-preview.xml' is missing**
**ERROR: 'red2-preview.xml' is missing**
**ERROR: 'relook-preview.xml' is missing**
**ERROR: 'revo-preview.xml' is missing**
**ERROR: 'sab1-preview.xml' is missing**
**ERROR: 'sf108-preview.xml' is missing**
**ERROR: 'sf2x8-preview.xml' is missing**
**ERROR: 'sf3038-preview.xml' is missing**
**ERROR: 'sf8008-preview.xml' is missing**
**ERROR: 'sf98-preview.xml' is missing**
**ERROR: 'sogno-preview.xml' is missing**
**ERROR: 'spark-preview.xml' is missing**
**ERROR: 'tf7700-preview.xml' is missing**
**ERROR: 'tiviar1-preview.xml' is missing**
**ERROR: 'tm1-preview.xml' is missing**
**ERROR: 'tm2-preview.xml' is missing**
**ERROR: 'tm3-preview.xml' is missing**
**ERROR: 'tm4-preview.xml' is missing**
**ERROR: 'tm5-preview.xml' is missing**
**ERROR: 'tm6-preview.xml' is missing**
**ERROR: 'triplex-preview.xml' is missing**
**ERROR: 'turing-preview.xml' is missing**
**ERROR: 'tyrant-preview.xml' is missing**
**ERROR: 'uclan1-preview.xml' is missing**
**ERROR: 'uclan2-preview.xml' is missing**
**ERROR: 'ufs910-preview.xml' is missing**
**ERROR: 'ufs912-preview.xml' is missing**
**ERROR: 'ufs913-preview.xml' is missing**
**ERROR: 'uniboxhde-preview.xml' is missing**
**ERROR: 'vala-preview.xml' is missing**
**ERROR: 'vip_1-preview.xml' is missing**
**ERROR: 'visionnet-preview.xml' is missing**
**ERROR: 'vitamin-preview.xml' is missing**
**ERROR: 'vu1-preview.xml' is missing**
**ERROR: 'vu2-preview.xml' is missing**
**ERROR: 'vu3-preview.xml' is missing**
**ERROR: 'vu4-preview.xml' is missing**
**ERROR: 'vu5-preview.xml' is missing**
**ERROR: 'vu6-preview.xml' is missing**
**ERROR: 'wetek-preview.xml' is missing**
**ERROR: 'wetek2-preview.xml' is missing**
**ERROR: 'wetek3-preview.xml' is missing**
**ERROR: 'wwio1-preview.xml' is missing**
**ERROR: 'x8hp-preview.xml' is missing**
**ERROR: 'xcore1-preview.xml' is missing**
**ERROR: 'xcore3-preview.xml' is missing**
**ERROR: 'xp1000-preview.xml' is missing**
**ERROR: 'zgemma1-preview.xml' is missing**
**ERROR: 'zgemma2-preview.xml' is missing**
**ERROR: 'zgemma3-preview.xml' is missing**
**ERROR: 'zgemma5-preview.xml' is missing**
**ERROR: 'zgemma6-preview.xml' is missing**
**ERROR: 'zgemma7-preview.xml' is missing**
WARNING: 'abcom.png' has not the correct size w=124,h=500
WARNING: 'adb_xmp.png' has not the correct size w=111,h=500
WARNING: 'amiko1.png' has not the correct size w=124,h=500
WARNING: 'amiko2.png' has not the correct size w=129,h=500
WARNING: 'amiko3.png' has not the correct size w=120,h=496
WARNING: 'amiko4.png' has not the correct size w=120,h=500
WARNING: 'amiko6.png' has not the correct size w=119,h=500
WARNING: 'anadol1.png' has not the correct size w=112,h=500
WARNING: 'anadol3.png' has not the correct size w=130,h=500
WARNING: 'anadol4.png' has not the correct size w=116,h=500
WARNING: 'ariva.png' has not the correct size w=130,h=500
WARNING: 'atemio520.png' has not the correct size w=110,h=500
WARNING: 'ax1.png' has not the correct size w=128,h=500
WARNING: 'ax4.png' has not the correct size w=124,h=500
WARNING: 'axas2.png' has not the correct size w=109,h=500
WARNING: 'axas3.png' has not the correct size w=130,h=500
WARNING: 'axas4.png' has not the correct size w=118,h=500
WARNING: 'azboxelite.png' has not the correct size w=163,h=500
WARNING: 'azboxhd.png' has not the correct size w=115,h=520
WARNING: 'azboxme.png' has not the correct size w=150,h=500
WARNING: 'beyonwiz1.png' has not the correct size w=132,h=500
WARNING: 'beyonwiz2.png' has not the correct size w=123,h=500
WARNING: 'cube.png' has not the correct size w=115,h=498
WARNING: 'cuberevo.png' has not the correct size w=148,h=500
WARNING: 'cuberevo_uni.png' has not the correct size w=139,h=500
WARNING: 'dinobot2.png' has not the correct size w=121,h=499
WARNING: 'dmm1.png' has not the correct size w=154,h=474
WARNING: 'dmm2.png' has not the correct size w=160,h=500
WARNING: 'dmm3.png' has not the correct size w=160,h=500
WARNING: 'e3hd.png' has not the correct size w=124,h=500
WARNING: 'e4hd.png' has not the correct size w=124,h=500
WARNING: 'e4hdcombo.png' has not the correct size w=124,h=500
WARNING: 'ebox5000.png' has not the correct size w=111,h=485
WARNING: 'edision1.png' has not the correct size w=136,h=500
WARNING: 'edision2.png' has not the correct size w=131,h=500
WARNING: 'edision3.png' has not the correct size w=134,h=500
WARNING: 'et4x00.png' has not the correct size w=132,h=500
WARNING: 'et6500.png' has not the correct size w=130,h=500
WARNING: 'et6x00.png' has not the correct size w=133,h=500
WARNING: 'et7x00.png' has not the correct size w=126,h=500
WARNING: 'et7x00mini.png' has not the correct size w=126,h=500
WARNING: 'et8000.png' has not the correct size w=121,h=500
WARNING: 'et9500.png' has not the correct size w=126,h=500
WARNING: 'et9x00.png' has not the correct size w=130,h=500
WARNING: 'evo1.png' has not the correct size w=130,h=500
WARNING: 'evo2.png' has not the correct size w=116,h=500
WARNING: 'evo3.png' has not the correct size w=115,h=500
WARNING: 'evo4.png' has not the correct size w=125,h=500
WARNING: 'evo5.png' has not the correct size w=124,h=500
WARNING: 'evo6.png' has not the correct size w=129,h=500
WARNING: 'evo7.png' has not the correct size w=125,h=500
WARNING: 'evo8.png' has not the correct size w=129,h=500
WARNING: 'formuler1.png' has not the correct size w=124,h=500
WARNING: 'fs9000.png' has not the correct size w=111,h=500
WARNING: 'fusionhd.png' has not the correct size w=150,h=520
WARNING: 'gb0.png' has not the correct size w=121,h=485
WARNING: 'gb1.png' has not the correct size w=121,h=485
WARNING: 'gb2.png' has not the correct size w=114,h=500
WARNING: 'gb3.png' has not the correct size w=114,h=500
WARNING: 'gb3.xml' has no label for 'KEY_CONTEXT_MENU'
WARNING: 'gb4.png' has not the correct size w=114,h=500
WARNING: 'gb5.png' has not the correct size w=120,h=500
WARNING: 'gi1.png' has not the correct size w=121,h=500
WARNING: 'hardkernel.png' has not the correct size w=149,h=500
WARNING: 'hd1100.png' has not the correct size w=122,h=500
WARNING: 'hd2400.png' has not the correct size w=138,h=500
WARNING: 'hd530c.png' has not the correct size w=130,h=500
WARNING: 'hd60.png' has not the correct size w=123,h=500
WARNING: 'hd66se.png' has not the correct size w=115,h=500
WARNING: 'hdbox.png' has not the correct size w=112,h=500
WARNING: 'hl101.png' has not the correct size w=113,h=500
WARNING: 'hs7110.png' has not the correct size w=126,h=500
WARNING: 'hs9510.png' has not the correct size w=123,h=500
WARNING: 'ini0.png' has not the correct size w=143,h=500
WARNING: 'ini2.png' has not the correct size w=108,h=500
WARNING: 'ini3.png' has not the correct size w=110,h=500
WARNING: 'ini4.png' has not the correct size w=112,h=500
WARNING: 'ini5.png' has not the correct size w=112,h=500
WARNING: 'ini6.png' has not the correct size w=134,h=500
WARNING: 'ini7.png' has not the correct size w=105,h=500
WARNING: 'ini8.png' has not the correct size w=139,h=520
WARNING: 'iqon1.png' has not the correct size w=122,h=500
WARNING: 'iqon2.png' has not the correct size w=150,h=520
WARNING: 'iqon3.png' has not the correct size w=110,h=500
WARNING: 'ixuss.png' has not the correct size w=153,h=474
WARNING: 'izibox1.png' has not the correct size w=130,h=500
WARNING: 'izibox2.png' has not the correct size w=118,h=500
WARNING: 'k1pro.png' has not the correct size w=150,h=500
WARNING: 'k3pro.png' has not the correct size w=188,h=487
WARNING: 'maxytec1.png' has not the correct size w=123,h=500
WARNING: 'mediabox.png' has not the correct size w=150,h=520
WARNING: 'miraclebox.png' has not the correct size w=142,h=500
WARNING: 'octagon1.png' has not the correct size w=121,h=500
WARNING: 'octagon2.png' has not the correct size w=116,h=500
WARNING: 'octagon3.png' has not the correct size w=122,h=500
WARNING: 'odinm7.png' has not the correct size w=117,h=515
WARNING: 'odinm9.png' has not the correct size w=117,h=500
WARNING: 'opt9600.png' has not the correct size w=127,h=500
WARNING: 'optimuss1.png' has not the correct size w=150,h=520
WARNING: 'optimuss2.png' has not the correct size w=110,h=500
WARNING: 'pace7241.png' has not the correct size w=114,h=500
WARNING: 'protek1.png' has not the correct size w=118,h=500
WARNING: 'protek2.png' has not the correct size w=124,h=500
WARNING: 'protek3.png' has not the correct size w=109,h=500
WARNING: 'qbox.png' has not the correct size w=108,h=400
WARNING: 'qboxmini.png' has not the correct size w=110,h=500
WARNING: 'qviart1.png' has not the correct size w=150,h=520
WARNING: 'qviart3.png' has not the correct size w=125,h=491
WARNING: 'qviart4.png' has not the correct size w=125,h=491
WARNING: 'qviart5.png' has not the correct size w=126,h=500
WARNING: 'qviart6.png' has not the correct size w=119,h=500
WARNING: 'red1.png' has not the correct size w=124,h=500
WARNING: 'red2.png' has not the correct size w=124,h=500
WARNING: 'relook.png' has not the correct size w=117,h=500
WARNING: 'revo.png' has not the correct size w=150,h=520
WARNING: 'sab1.png' has not the correct size w=130,h=500
WARNING: 'sf108.png' has not the correct size w=127,h=500
WARNING: 'sf2x8.png' has not the correct size w=124,h=500
WARNING: 'sf3038.png' has not the correct size w=130,h=500
WARNING: 'sf8008.png' has not the correct size w=126,h=500
WARNING: 'sf98.png' has not the correct size w=133,h=500
WARNING: 'sogno.png' has not the correct size w=124,h=500
WARNING: 'spark.png' has not the correct size w=111,h=500
WARNING: 'tf7700.png' has not the correct size w=113,h=500
WARNING: 'tiviar1.png' has not the correct size w=114,h=500
WARNING: 'tm1.png' has not the correct size w=150,h=520
WARNING: 'tm2.png' has not the correct size w=150,h=520
WARNING: 'tm3.png' has not the correct size w=150,h=520
WARNING: 'tm4.png' has not the correct size w=150,h=520
WARNING: 'tm5.png' has not the correct size w=109,h=500
WARNING: 'tm6.png' has not the correct size w=150,h=520
WARNING: 'triplex.png' has not the correct size w=124,h=500
WARNING: 'turing.png' has not the correct size w=137,h=500
WARNING: 'tyrant.png' has not the correct size w=115,h=500
WARNING: 'uclan1.png' has not the correct size w=133,h=500
WARNING: 'uclan2.png' has not the correct size w=119,h=500
WARNING: 'ufs910.png' has not the correct size w=149,h=500
WARNING: 'ufs912.png' has not the correct size w=137,h=500
WARNING: 'ufs913.png' has not the correct size w=128,h=500
WARNING: 'uniboxhde.png' has not the correct size w=126,h=500
WARNING: 'vala.png' has not the correct size w=122,h=500
WARNING: 'vip_1.png' has not the correct size w=106,h=500
WARNING: 'visionnet.png' has not the correct size w=129,h=500
WARNING: 'vitamin.png' has not the correct size w=111,h=500
WARNING: 'vu1.png' has not the correct size w=130,h=500
WARNING: 'vu2.png' has not the correct size w=130,h=500
WARNING: 'vu3.png' has not the correct size w=146,h=451
WARNING: 'vu5.png' has not the correct size w=213,h=732
WARNING: 'vu6.png' has not the correct size w=142,h=488
WARNING: 'wetek.png' has not the correct size w=135,h=500
WARNING: 'wetek2.png' has not the correct size w=149,h=500
WARNING: 'wetek3.png' has not the correct size w=130,h=500
WARNING: 'wwio1.png' has not the correct size w=110,h=500
WARNING: 'x8hp.png' has not the correct size w=135,h=500
WARNING: 'xcore1.png' has not the correct size w=131,h=500
WARNING: 'xcore3.png' has not the correct size w=134,h=500
WARNING: 'xp1000.png' has not the correct size w=110,h=500
WARNING: 'zgemma1.png' has not the correct size w=127,h=500
WARNING: 'zgemma2.png' has not the correct size w=127,h=500
WARNING: 'zgemma3.png' has not the correct size w=125,h=500
WARNING: 'zgemma5.png' has not the correct size w=131,h=500
WARNING: 'zgemma6.png' has not the correct size w=117,h=500
WARNING: 'zgemma7.png' has not the correct size w=124,h=500
WARNING: 'zgemma8.png' has not the correct size w=125,h=500
